<?xml version="1.0" encoding="UTF-8"?>
<!-- Generated by org.testng.reporters.JUnitReportReporter -->
<testsuite hostname="DESKTOP-60NORSP" failures="0" tests="1" name="Runners.TestRunnerTestNG" time="8.802" errors="0" timestamp="2025-08-08T23:56:32 IST" skipped="0">
  <testcase classname="Runners.TestRunnerTestNG" name="runScenario" time="8.802"/>
</testsuite> <!-- Runners.TestRunnerTestNG -->
