<?xml version="1.0" encoding="UTF-8"?>
<!-- Generated by org.testng.reporters.JUnitReportReporter -->
<testsuite hostname="DESKTOP-60NORSP" failures="0" tests="1" name="api.test.UserTests" time="5.725" errors="0" timestamp="2025-08-16T16:26:23 IST" skipped="0">
  <testcase classname="api.test.UserTests" name="testGetUSer" time="5.725"/>
</testsuite> <!-- api.test.UserTests -->
