<?xml version="1.0" encoding="UTF-8"?>
<!-- Generated by org.testng.reporters.JUnitReportReporter -->
<testsuite hostname="DESKTOP-60NORSP" failures="0" tests="1" name="Runners.TestRunnerTestNG" time="4.631" errors="0" timestamp="2025-08-16T17:36:52 IST" skipped="0">
  <testcase classname="Runners.TestRunnerTestNG" name="runScenario" time="4.631"/>
</testsuite> <!-- Runners.TestRunnerTestNG -->
